

Container: container_1407928099291_0608_02_000001 on node02-Optiplex-9020_50298
=================================================================================
LogType: driver.stderr
LogLength: 39807
Log Contents:
2014-08-30 15:40:58,953 FINE reef.runtime.common.Launcher.main main | Launcher started with user name [hadoop]
2014-08-30 15:40:58,966 FINE reef.runtime.common.Launcher.main main | Launcher started. Assertions are DISABLED in this process.
2014-08-30 15:40:59,080 FINE wake.impl.StageManager.<init> main | StageManager adds a shutdown hook
2014-08-30 15:40:59,081 FINEST wake.impl.StageManager.register main | StageManager adds stage com.microsoft.wake.impl.ThreadPoolStage@53248513
2014-08-30 15:40:59,083 FINEST wake.impl.StageManager.register main | StageManager adds stage com.microsoft.wake.impl.ThreadPoolStage@79c4cc17
2014-08-30 15:40:59,091 FINE wake.remote.NetUtils.getLocalAddress main | Local address is 147.46.241.128
2014-08-30 15:40:59,251 FINE wake.remote.transport.netty.NettyMessagingTransport.<init> main | Binding to 0
2014-08-30 15:40:59,256 FINEST wake.remote.transport.netty.NettyMessagingTransport.<init> main | Try port 15,227
2014-08-30 15:40:59,301 FINE wake.remote.transport.netty.NettyMessagingTransport.<init> main | Starting netty transport socket address: /147.46.241.128:15227
2014-08-30 15:40:59,302 FINEST wake.impl.StageManager.register main | StageManager adds stage com.microsoft.wake.remote.impl.DefaultRemoteManagerImplementation@186a0df6
2014-08-30 15:40:59,302 FINEST wake.remote.impl.DefaultRemoteManagerImplementation.<init> main | RemoteManager REEF_LAUNCHER instantiated id socket://147.46.241.128:15227 counter 1 listening on /147.46.241.128:15227:15,227
2014-08-30 15:40:59,303 FINE reef.runtime.common.utils.RemoteManager.<init> main | Instantiated RemoteManager with remoteId: socket://147.46.241.128:15227
2014-08-30 15:40:59,304 FINE reef.runtime.common.Launcher.main main | Launcher starting
2014-08-30 15:40:59,304 FINER reef.runtime.common.launch.LaunchClass.run main | ENTRY Starting the clock
2014-08-30 15:40:59,304 FINEST reef.runtime.common.launch.LaunchClass.readConfigurationFromDisk main | Loading configuration file: reef/local/driver.conf
2014-08-30 15:40:59,742 FINE wake.time.runtime.RuntimeClock.<init> main | RuntimeClock instantiated.
2014-08-30 15:40:59,743 FINE reef.runtime.common.driver.client.ClientConnection.<init> main | Instantiated 'ClientConnection' without an actual connection to the client.
2014-08-30 15:40:59,745 FINE reef.runtime.common.driver.DriverStatusManager.<init> main | Instantiated 'DriverStatusManager'
2014-08-30 15:40:59,750 FINE reef.runtime.common.driver.catalog.ResourceCatalogImpl.<init> main | Instantiated 'ResourceCatalogImpl'
2014-08-30 15:40:59,766 FINE hadoop.util.Shell.isSetsidSupported main | setsid exited with exit code 0
2014-08-30 15:40:59,767 FINE reef.runtime.common.driver.evaluator.Evaluators.<init> main | Instantiated 'Evaluators'
2014-08-30 15:40:59,767 FINEST reef.runtime.yarn.driver.ContainerRequestCounter.<init> main | Instantiated 'ContainerRequestCounter'
2014-08-30 15:40:59,792 INFO reef.webserver.HttpServerImpl.<init> main | Jetty Server started with port: 8,080
2014-08-30 15:40:59,795 FINE hadoop.service.AbstractService.enterState main | Service: org.apache.hadoop.yarn.client.api.impl.YarnClientImpl entered state INITED
2014-08-30 15:40:59,812 FINEST reef.runtime.yarn.driver.YarnContainerManager.<init> main | Instantiated YarnContainerManager
2014-08-30 15:40:59,813 FINEST reef.runtime.yarn.driver.YarnContainerRequestHandlerImpl.<init> main | Instantiated 'YarnContainerRequestHandler'
2014-08-30 15:40:59,813 FINE reef.inmemory.driver.replication.ReplicationPolicyImpl.<init> main | Applying rules: {"rules":[],"default":{"factor":1,"pin":false}}
2014-08-30 15:40:59,832 FINE hadoop.hdfs.BlockReaderLocal.<init> main | dfs.client.use.legacy.blockreader.local = false
2014-08-30 15:40:59,833 FINE hadoop.hdfs.BlockReaderLocal.<init> main | dfs.client.read.shortcircuit = false
2014-08-30 15:40:59,833 FINE hadoop.hdfs.BlockReaderLocal.<init> main | dfs.client.domain.socket.data.traffic = false
2014-08-30 15:40:59,833 FINE hadoop.hdfs.BlockReaderLocal.<init> main | dfs.domain.socket.path = 
2014-08-30 15:40:59,950 FINE hadoop.metrics2.lib.MutableMetricsFactory.newForField main | field org.apache.hadoop.metrics2.lib.MutableRate org.apache.hadoop.security.UserGroupInformation$UgiMetrics.loginSuccess with annotation @org.apache.hadoop.metrics2.annotation.Metric(valueName=Time, value=[Rate of successful kerberos logins and latency (milliseconds)], about=, type=DEFAULT, always=false, sampleName=Ops)
2014-08-30 15:40:59,956 FINE hadoop.metrics2.lib.MutableMetricsFactory.newForField main | field org.apache.hadoop.metrics2.lib.MutableRate org.apache.hadoop.security.UserGroupInformation$UgiMetrics.loginFailure with annotation @org.apache.hadoop.metrics2.annotation.Metric(valueName=Time, value=[Rate of failed kerberos logins and latency (milliseconds)], about=, type=DEFAULT, always=false, sampleName=Ops)
2014-08-30 15:40:59,956 FINE hadoop.metrics2.lib.MutableMetricsFactory.newForField main | field org.apache.hadoop.metrics2.lib.MutableRate org.apache.hadoop.security.UserGroupInformation$UgiMetrics.getGroups with annotation @org.apache.hadoop.metrics2.annotation.Metric(valueName=Time, value=[GetGroups], about=, type=DEFAULT, always=false, sampleName=Ops)
2014-08-30 15:40:59,957 FINE hadoop.metrics2.impl.MetricsSystemImpl.register main | UgiMetrics, User and group related metrics
2014-08-30 15:41:00,209 FINE hadoop.security.Groups.getUserToGroupsMappingService main |  Creating new Groups object
2014-08-30 15:41:00,210 FINE hadoop.security.Groups.<init> main | Group mapping impl=org.apache.hadoop.security.ShellBasedUnixGroupsMapping; cacheTimeout=300000; warningDeltaMs=5000
2014-08-30 15:41:00,212 FINE hadoop.security.UserGroupInformation.login main | hadoop login
2014-08-30 15:41:00,212 FINE hadoop.security.UserGroupInformation.commit main | hadoop login commit
2014-08-30 15:41:00,213 FINE hadoop.security.UserGroupInformation.commit main | using local user:UnixPrincipal: hadoop
2014-08-30 15:41:00,219 FINE hadoop.security.UserGroupInformation.loginUserFromSubject main | UGI loginUser:hadoop (auth:SIMPLE)
2014-08-30 15:41:00,267 FINE hadoop.io.retry.RetryUtils.getDefaultRetryPolicy main | multipleLinearRandomRetry = null
2014-08-30 15:41:00,280 FINE hadoop.ipc.Server.registerProtocolEngine main | rpcKind=RPC_PROTOCOL_BUFFER, rpcRequestWrapperClass=class org.apache.hadoop.ipc.ProtobufRpcEngine$RpcRequestWrapper, rpcInvoker=org.apache.hadoop.ipc.ProtobufRpcEngine$Server$ProtoBufRpcInvoker@659684cb
2014-08-30 15:41:00,284 FINE hadoop.ipc.Client.getClient main | getting client out of cache: org.apache.hadoop.ipc.Client@4390f930
2014-08-30 15:41:00,452 FINE hadoop.util.NativeCodeLoader.<clinit> main | Trying to load the custom-built native-hadoop library...
2014-08-30 15:41:00,453 FINE hadoop.util.NativeCodeLoader.<clinit> main | Failed to load native-hadoop with error: java.lang.UnsatisfiedLinkError: /home/hadoop/hadoop-2.4.0/lib/native/libhadoop.so.1.0.0: /home/hadoop/hadoop-2.4.0/lib/native/libhadoop.so.1.0.0: wrong ELF class: ELFCLASS32 (Possible cause: architecture word width mismatch)
2014-08-30 15:41:00,453 FINE hadoop.util.NativeCodeLoader.<clinit> main | java.library.path=:/home/hadoop/hadoop-2.4.0/lib/native:/home/hadoop/hadoop-2.4.0/lib/native:/usr/java/packages/lib/amd64:/usr/lib/x86_64-linux-gnu/jni:/lib/x86_64-linux-gnu:/usr/lib/x86_64-linux-gnu:/usr/lib/jni:/lib:/usr/lib
2014-08-30 15:41:00,453 WARNING hadoop.util.NativeCodeLoader.<clinit> main | Unable to load native-hadoop library for your platform... using builtin-java classes where applicable
2014-08-30 15:41:00,471 FINE hadoop.hdfs.BlockReaderLocal.<init> main | Both short-circuit local reads and UNIX domain socket are disabled.
2014-08-30 15:41:00,473 FINEST wake.impl.StageManager.register main | StageManager adds stage com.microsoft.wake.impl.ThreadPoolStage@3bd5f99b
2014-08-30 15:41:00,473 FINE reef.runtime.common.driver.DriverStartHandler.<init> main | Instantiated `DriverStartHandler with StartHandler [[org.apache.reef.inmemory.driver.InMemoryDriver$StartHandler@5cf64dcd]] and no RestartHandler
2014-08-30 15:41:00,480 FINE reef.runtime.common.driver.client.ClientManager.<init> main | Not registering a handler for JobControlProto, as there is no client.
2014-08-30 15:41:01,818 FINE reef.runtime.yarn.driver.EvaluatorSetupHelper.uploadToJobFolder main | Uploading /home/hadoop/hdfstmp/nm-local-dir/usercache/yunseong/appcache/application_1407928099291_0608/container_1407928099291_0608_02_000001/global.jar to /tmp/reef-job-608/global.jar
2014-08-30 15:41:01,916 FINE hadoop.security.UserGroupInformation.logPrivilegedAction main | PrivilegedAction as:hadoop (auth:SIMPLE) from:org.apache.hadoop.fs.FileContext.getAbstractFileSystem(FileContext.java:330)
2014-08-30 15:41:01,928 FINE hadoop.security.UserGroupInformation.doAs main | PrivilegedActionException as:hadoop (auth:SIMPLE) cause:org.apache.hadoop.fs.UnsupportedFileSystemException: No AbstractFileSystem for scheme: file
2014-08-30 15:41:01,928 SEVERE reef.runtime.common.launch.REEFErrorHandler.onNext main | Uncaught exception.
java.lang.Exception: Unable to instantiate the clock
	at com.microsoft.reef.runtime.common.launch.LaunchClass.fail(LaunchClass.java:179)
	at com.microsoft.reef.runtime.common.launch.LaunchClass.getClock(LaunchClass.java:146)
	at com.microsoft.reef.runtime.common.launch.LaunchClass.run(LaunchClass.java:159)
	at com.microsoft.reef.runtime.common.Launcher.main(Launcher.java:108)
Caused by: java.lang.RuntimeException: com.microsoft.tang.exceptions.InjectionException: Could not invoke constructor: new EvaluatorSetupHelper(String JobSubmissionDirectory = /tmp/reef-job-608, YarnConfiguration = [ClassNodeImpl 'com.microsoft.reef.runtime.yarn.util.YarnConfigurationConstructor']: com.microsoft.reef.runtime.yarn.util.YarnConfigurationConstructor(),  = Configuration: core-default.xml, core-site.xml, yarn-default.xml, yarn-site.xml, mapred-default.xml, mapred-site.xml, hdfs-default.xml, hdfs-site.xml, new REEFFileNames(), ConfigurationSerializer = new AvroConfigurationSerializer())
	at com.microsoft.tang.InjectionFuture.get(InjectionFuture.java:124)
	at com.microsoft.tang.implementation.java.InjectorImpl.getInstance(InjectorImpl.java:442)
	at com.microsoft.tang.implementation.java.InjectorImpl.getNamedInstance(InjectorImpl.java:467)
	at com.microsoft.tang.InjectionFuture.get(InjectionFuture.java:113)
	at com.microsoft.tang.implementation.java.InjectorImpl.getInstance(InjectorImpl.java:442)
	at com.microsoft.tang.implementation.java.InjectorImpl.getNamedInstance(InjectorImpl.java:467)
	at com.microsoft.tang.InjectionFuture.get(InjectionFuture.java:113)
	at com.microsoft.tang.implementation.java.InjectorImpl.getInstance(InjectorImpl.java:442)
	at com.microsoft.tang.implementation.java.InjectorImpl.getNamedInstance(InjectorImpl.java:467)
	at com.microsoft.tang.InjectionFuture.get(InjectionFuture.java:113)
	at com.microsoft.tang.implementation.java.InjectorImpl.getInstance(InjectorImpl.java:442)
	at com.microsoft.tang.implementation.java.InjectorImpl.getNamedInstance(InjectorImpl.java:467)
	at com.microsoft.tang.InjectionFuture.get(InjectionFuture.java:113)
	at com.microsoft.tang.implementation.java.InjectorImpl.getInstance(InjectorImpl.java:442)
	at com.microsoft.tang.implementation.java.InjectorImpl.getInstance(InjectorImpl.java:454)
	at com.microsoft.reef.runtime.common.launch.LaunchClass.getClock(LaunchClass.java:144)
	... 2 more
Caused by: com.microsoft.tang.exceptions.InjectionException: Could not invoke constructor: new EvaluatorSetupHelper(String JobSubmissionDirectory = /tmp/reef-job-608, YarnConfiguration = [ClassNodeImpl 'com.microsoft.reef.runtime.yarn.util.YarnConfigurationConstructor']: com.microsoft.reef.runtime.yarn.util.YarnConfigurationConstructor(),  = Configuration: core-default.xml, core-site.xml, yarn-default.xml, yarn-site.xml, mapred-default.xml, mapred-site.xml, hdfs-default.xml, hdfs-site.xml, new REEFFileNames(), ConfigurationSerializer = new AvroConfigurationSerializer())
	at com.microsoft.tang.implementation.java.InjectorImpl.injectFromPlan(InjectorImpl.java:574)
	at com.microsoft.tang.implementation.java.InjectorImpl.injectFromPlan(InjectorImpl.java:546)
	at com.microsoft.tang.implementation.java.InjectorImpl.injectFromPlan(InjectorImpl.java:580)
	at com.microsoft.tang.implementation.java.InjectorImpl.injectFromPlan(InjectorImpl.java:546)
	at com.microsoft.tang.implementation.java.InjectorImpl.injectFromPlan(InjectorImpl.java:546)
	at com.microsoft.tang.implementation.java.InjectorImpl.injectFromPlan(InjectorImpl.java:585)
	at com.microsoft.tang.implementation.java.InjectorImpl.getInstance(InjectorImpl.java:436)
	at com.microsoft.tang.implementation.java.InjectorImpl.getNamedInstance(InjectorImpl.java:467)
	at com.microsoft.tang.InjectionFuture.get(InjectionFuture.java:113)
	... 17 more
Caused by: org.apache.hadoop.fs.UnsupportedFileSystemException: No AbstractFileSystem for scheme: file
	at org.apache.hadoop.fs.AbstractFileSystem.createFileSystem(AbstractFileSystem.java:154)
	at org.apache.hadoop.fs.AbstractFileSystem.get(AbstractFileSystem.java:242)
	at org.apache.hadoop.fs.FileContext$2.run(FileContext.java:333)
	at org.apache.hadoop.fs.FileContext$2.run(FileContext.java:330)
	at java.security.AccessController.doPrivileged(Native Method)
	at javax.security.auth.Subject.doAs(Subject.java:415)
	at org.apache.hadoop.security.UserGroupInformation.doAs(UserGroupInformation.java:1548)
	at org.apache.hadoop.fs.FileContext.getAbstractFileSystem(FileContext.java:330)
	at org.apache.hadoop.fs.FileContext.getFileContext(FileContext.java:444)
	at org.apache.hadoop.fs.FileContext.getFileContext(FileContext.java:424)
	at com.microsoft.reef.runtime.yarn.driver.EvaluatorSetupHelper.makeLocalResourceForJarFile(EvaluatorSetupHelper.java:172)
	at com.microsoft.reef.runtime.yarn.driver.EvaluatorSetupHelper.setup(EvaluatorSetupHelper.java:85)
	at com.microsoft.reef.runtime.yarn.driver.EvaluatorSetupHelper.<init>(EvaluatorSetupHelper.java:75)
	at sun.reflect.NativeConstructorAccessorImpl.newInstance0(Native Method)
	at sun.reflect.NativeConstructorAccessorImpl.newInstance(NativeConstructorAccessorImpl.java:57)
	at sun.reflect.DelegatingConstructorAccessorImpl.newInstance(DelegatingConstructorAccessorImpl.java:45)
	at java.lang.reflect.Constructor.newInstance(Constructor.java:526)
	at com.microsoft.tang.implementation.java.InjectorImpl.injectFromPlan(InjectorImpl.java:558)
	... 25 more

2014-08-30 15:41:01,929 SEVERE reef.runtime.common.launch.REEFErrorHandler.onNext main | Caught an exception from Wake we cannot send upstream because there is no upstream
2014-08-30 15:41:01,929 SEVERE reef.runtime.common.launch.REEFErrorHandler.onNext main | Uncaught exception.
java.lang.Exception: Fatal exception while executing the clock
	at com.microsoft.reef.runtime.common.launch.LaunchClass.fail(LaunchClass.java:179)
	at com.microsoft.reef.runtime.common.launch.LaunchClass.run(LaunchClass.java:161)
	at com.microsoft.reef.runtime.common.Launcher.main(Launcher.java:108)
Caused by: java.lang.RuntimeException: Unable to instantiate the clock
	at com.microsoft.reef.runtime.common.launch.LaunchClass.getClock(LaunchClass.java:147)
	at com.microsoft.reef.runtime.common.launch.LaunchClass.run(LaunchClass.java:159)
	... 1 more
Caused by: java.lang.RuntimeException: com.microsoft.tang.exceptions.InjectionException: Could not invoke constructor: new EvaluatorSetupHelper(String JobSubmissionDirectory = /tmp/reef-job-608, YarnConfiguration = [ClassNodeImpl 'com.microsoft.reef.runtime.yarn.util.YarnConfigurationConstructor']: com.microsoft.reef.runtime.yarn.util.YarnConfigurationConstructor(),  = Configuration: core-default.xml, core-site.xml, yarn-default.xml, yarn-site.xml, mapred-default.xml, mapred-site.xml, hdfs-default.xml, hdfs-site.xml, new REEFFileNames(), ConfigurationSerializer = new AvroConfigurationSerializer())
	at com.microsoft.tang.InjectionFuture.get(InjectionFuture.java:124)
	at com.microsoft.tang.implementation.java.InjectorImpl.getInstance(InjectorImpl.java:442)
	at com.microsoft.tang.implementation.java.InjectorImpl.getNamedInstance(InjectorImpl.java:467)
	at com.microsoft.tang.InjectionFuture.get(InjectionFuture.java:113)
	at com.microsoft.tang.implementation.java.InjectorImpl.getInstance(InjectorImpl.java:442)
	at com.microsoft.tang.implementation.java.InjectorImpl.getNamedInstance(InjectorImpl.java:467)
	at com.microsoft.tang.InjectionFuture.get(InjectionFuture.java:113)
	at com.microsoft.tang.implementation.java.InjectorImpl.getInstance(InjectorImpl.java:442)
	at com.microsoft.tang.implementation.java.InjectorImpl.getNamedInstance(InjectorImpl.java:467)
	at com.microsoft.tang.InjectionFuture.get(InjectionFuture.java:113)
	at com.microsoft.tang.implementation.java.InjectorImpl.getInstance(InjectorImpl.java:442)
	at com.microsoft.tang.implementation.java.InjectorImpl.getNamedInstance(InjectorImpl.java:467)
	at com.microsoft.tang.InjectionFuture.get(InjectionFuture.java:113)
	at com.microsoft.tang.implementation.java.InjectorImpl.getInstance(InjectorImpl.java:442)
	at com.microsoft.tang.implementation.java.InjectorImpl.getInstance(InjectorImpl.java:454)
	at com.microsoft.reef.runtime.common.launch.LaunchClass.getClock(LaunchClass.java:144)
	... 2 more
Caused by: com.microsoft.tang.exceptions.InjectionException: Could not invoke constructor: new EvaluatorSetupHelper(String JobSubmissionDirectory = /tmp/reef-job-608, YarnConfiguration = [ClassNodeImpl 'com.microsoft.reef.runtime.yarn.util.YarnConfigurationConstructor']: com.microsoft.reef.runtime.yarn.util.YarnConfigurationConstructor(),  = Configuration: core-default.xml, core-site.xml, yarn-default.xml, yarn-site.xml, mapred-default.xml, mapred-site.xml, hdfs-default.xml, hdfs-site.xml, new REEFFileNames(), ConfigurationSerializer = new AvroConfigurationSerializer())
	at com.microsoft.tang.implementation.java.InjectorImpl.injectFromPlan(InjectorImpl.java:574)
	at com.microsoft.tang.implementation.java.InjectorImpl.injectFromPlan(InjectorImpl.java:546)
	at com.microsoft.tang.implementation.java.InjectorImpl.injectFromPlan(InjectorImpl.java:580)
	at com.microsoft.tang.implementation.java.InjectorImpl.injectFromPlan(InjectorImpl.java:546)
	at com.microsoft.tang.implementation.java.InjectorImpl.injectFromPlan(InjectorImpl.java:546)
	at com.microsoft.tang.implementation.java.InjectorImpl.injectFromPlan(InjectorImpl.java:585)
	at com.microsoft.tang.implementation.java.InjectorImpl.getInstance(InjectorImpl.java:436)
	at com.microsoft.tang.implementation.java.InjectorImpl.getNamedInstance(InjectorImpl.java:467)
	at com.microsoft.tang.InjectionFuture.get(InjectionFuture.java:113)
	... 17 more
Caused by: org.apache.hadoop.fs.UnsupportedFileSystemException: No AbstractFileSystem for scheme: file
	at org.apache.hadoop.fs.AbstractFileSystem.createFileSystem(AbstractFileSystem.java:154)
	at org.apache.hadoop.fs.AbstractFileSystem.get(AbstractFileSystem.java:242)
	at org.apache.hadoop.fs.FileContext$2.run(FileContext.java:333)
	at org.apache.hadoop.fs.FileContext$2.run(FileContext.java:330)
	at java.security.AccessController.doPrivileged(Native Method)
	at javax.security.auth.Subject.doAs(Subject.java:415)
	at org.apache.hadoop.security.UserGroupInformation.doAs(UserGroupInformation.java:1548)
	at org.apache.hadoop.fs.FileContext.getAbstractFileSystem(FileContext.java:330)
	at org.apache.hadoop.fs.FileContext.getFileContext(FileContext.java:444)
	at org.apache.hadoop.fs.FileContext.getFileContext(FileContext.java:424)
	at com.microsoft.reef.runtime.yarn.driver.EvaluatorSetupHelper.makeLocalResourceForJarFile(EvaluatorSetupHelper.java:172)
	at com.microsoft.reef.runtime.yarn.driver.EvaluatorSetupHelper.setup(EvaluatorSetupHelper.java:85)
	at com.microsoft.reef.runtime.yarn.driver.EvaluatorSetupHelper.<init>(EvaluatorSetupHelper.java:75)
	at sun.reflect.NativeConstructorAccessorImpl.newInstance0(Native Method)
	at sun.reflect.NativeConstructorAccessorImpl.newInstance(NativeConstructorAccessorImpl.java:57)
	at sun.reflect.DelegatingConstructorAccessorImpl.newInstance(DelegatingConstructorAccessorImpl.java:45)
	at java.lang.reflect.Constructor.newInstance(Constructor.java:526)
	at com.microsoft.tang.implementation.java.InjectorImpl.injectFromPlan(InjectorImpl.java:558)
	... 25 more

2014-08-30 15:41:01,930 SEVERE reef.runtime.common.launch.REEFErrorHandler.onNext main | Caught an exception from Wake we cannot send upstream because there is no upstream
2014-08-30 15:41:01,930 FINER reef.runtime.common.launch.LaunchClass.run main | RETURN Clock terminated
2014-08-30 15:41:01,930 FINE reef.runtime.common.Launcher.main main | Launcher exiting
2014-08-30 15:41:01,931 FINER reef.runtime.common.launch.LaunchClass.close main | ENTRY
2014-08-30 15:41:01,931 FINE wake.remote.impl.DefaultRemoteManagerImplementation.close main | RemoteManager: REEF_LAUNCHER Closing remote manager id: socket://147.46.241.128:15227
2014-08-30 15:41:01,932 FINE wake.remote.impl.DefaultRemoteManagerImplementation$1.run pool-4-thread-1 | Closing sender stage socket://147.46.241.128:15227
2014-08-30 15:41:01,932 FINE wake.remote.impl.RemoteSenderStage.close pool-4-thread-1 | close com.microsoft.wake.remote.transport.netty.NettyMessagingTransport@1c483413
2014-08-30 15:41:01,933 FINE wake.remote.impl.DefaultRemoteManagerImplementation$1.run pool-4-thread-1 | Closed the remote sender stage
2014-08-30 15:41:01,933 FINE wake.remote.impl.DefaultRemoteManagerImplementation$1.run pool-4-thread-1 | Closing transport socket://147.46.241.128:15227
2014-08-30 15:41:01,933 FINE wake.remote.transport.netty.NettyMessagingTransport.close pool-4-thread-1 | Closing netty transport socket address: /147.46.241.128:15227
2014-08-30 15:41:01,945 FINE wake.remote.transport.netty.NettyMessagingTransport.close pool-4-thread-1 | Closing netty transport socket address: /147.46.241.128:15227 done
2014-08-30 15:41:01,945 FINE wake.remote.impl.DefaultRemoteManagerImplementation$1.run pool-4-thread-1 | Closed the transport
2014-08-30 15:41:01,945 FINE wake.remote.impl.DefaultRemoteManagerImplementation$1.run pool-4-thread-1 | Closing receiver stage socket://147.46.241.128:15227
2014-08-30 15:41:01,946 FINE wake.remote.impl.OrderedRemoteReceiverStage.close pool-4-thread-1 | close
2014-08-30 15:41:01,946 FINE wake.remote.impl.DefaultRemoteManagerImplementation$1.run pool-4-thread-1 | Closed the remote receiver stage
2014-08-30 15:41:01,946 FINE wake.remote.impl.DefaultRemoteManagerImplementation.close main | Close executor terminated properly.
2014-08-30 15:41:01,946 FINER reef.runtime.common.launch.LaunchClass.close main | RETURN
2014-08-30 15:41:01,947 INFO reef.runtime.common.Launcher.main main | Exiting Launcher.main()
2014-08-30 15:41:01,948 FINEST reef.runtime.common.Launcher.main main | Threads running after Launcher.close():
	Thread 'com.microsoft.wake.remote.transport.netty.NettyMessagingTransportClientWorker-pool-5-thread-4':
		java.lang.Thread.sleep(Native Method)
		io.netty.util.concurrent.SingleThreadEventExecutor.confirmShutdown(SingleThreadEventExecutor.java:662)
		io.netty.channel.nio.NioEventLoop.run(NioEventLoop.java:362)
		io.netty.util.concurrent.SingleThreadEventExecutor$2.run(SingleThreadEventExecutor.java:116)
		java.lang.Thread.run(Thread.java:744)
	Thread '135068551@qtp-954831789-1 - Acceptor0 SocketConnector@0.0.0.0:8080':
		java.net.PlainSocketImpl.socketAccept(Native Method)
		java.net.AbstractPlainSocketImpl.accept(AbstractPlainSocketImpl.java:398)
		java.net.ServerSocket.implAccept(ServerSocket.java:530)
		java.net.ServerSocket.accept(ServerSocket.java:498)
		org.mortbay.jetty.bio.SocketConnector.accept(SocketConnector.java:99)
		org.mortbay.jetty.AbstractConnector$Acceptor.run(AbstractConnector.java:708)
		org.mortbay.thread.QueuedThreadPool$PoolThread.run(QueuedThreadPool.java:582)
	Thread 'com.microsoft.wake.remote.transport.netty.NettyMessagingTransportClientWorker-pool-5-thread-9':
		java.lang.Thread.sleep(Native Method)
		io.netty.util.concurrent.SingleThreadEventExecutor.confirmShutdown(SingleThreadEventExecutor.java:662)
		io.netty.channel.nio.NioEventLoop.run(NioEventLoop.java:362)
		io.netty.util.concurrent.SingleThreadEventExecutor$2.run(SingleThreadEventExecutor.java:116)
		java.lang.Thread.run(Thread.java:744)
	Thread 'com.microsoft.wake.remote.transport.netty.NettyMessagingTransportServerWorker-pool-4-thread-4':
		java.lang.Thread.sleep(Native Method)
		io.netty.util.concurrent.SingleThreadEventExecutor.confirmShutdown(SingleThreadEventExecutor.java:662)
		io.netty.channel.nio.NioEventLoop.run(NioEventLoop.java:362)
		io.netty.util.concurrent.SingleThreadEventExecutor$2.run(SingleThreadEventExecutor.java:116)
		java.lang.Thread.run(Thread.java:744)
	Thread 'com.microsoft.wake.remote.transport.netty.NettyMessagingTransportClientWorker-pool-5-thread-8':
		java.lang.Thread.sleep(Native Method)
		io.netty.util.concurrent.SingleThreadEventExecutor.confirmShutdown(SingleThreadEventExecutor.java:662)
		io.netty.channel.nio.NioEventLoop.run(NioEventLoop.java:362)
		io.netty.util.concurrent.SingleThreadEventExecutor$2.run(SingleThreadEventExecutor.java:116)
		java.lang.Thread.run(Thread.java:744)
	Thread '899471952@qtp-954831789-0':
		java.lang.Object.wait(Native Method)
		org.mortbay.thread.QueuedThreadPool$PoolThread.run(QueuedThreadPool.java:626)
	Thread 'com.microsoft.wake.remote.transport.netty.NettyMessagingTransportServerWorker-pool-4-thread-15':
		java.lang.Thread.sleep(Native Method)
		io.netty.util.concurrent.SingleThreadEventExecutor.confirmShutdown(SingleThreadEventExecutor.java:662)
		io.netty.channel.nio.NioEventLoop.run(NioEventLoop.java:362)
		io.netty.util.concurrent.SingleThreadEventExecutor$2.run(SingleThreadEventExecutor.java:116)
		java.lang.Thread.run(Thread.java:744)
	Thread 'com.microsoft.wake.remote.transport.netty.NettyMessagingTransportServerWorker-pool-4-thread-17':
		java.lang.Thread.sleep(Native Method)
		io.netty.util.concurrent.SingleThreadEventExecutor.confirmShutdown(SingleThreadEventExecutor.java:662)
		io.netty.channel.nio.NioEventLoop.run(NioEventLoop.java:362)
		io.netty.util.concurrent.SingleThreadEventExecutor$2.run(SingleThreadEventExecutor.java:116)
		java.lang.Thread.run(Thread.java:744)
	Thread 'Signal Dispatcher':
	Thread 'com.microsoft.wake.remote.transport.netty.NettyMessagingTransportServerWorker-pool-4-thread-9':
		java.lang.Thread.sleep(Native Method)
		io.netty.util.concurrent.SingleThreadEventExecutor.confirmShutdown(SingleThreadEventExecutor.java:662)
		io.netty.channel.nio.NioEventLoop.run(NioEventLoop.java:362)
		io.netty.util.concurrent.SingleThreadEventExecutor$2.run(SingleThreadEventExecutor.java:116)
		java.lang.Thread.run(Thread.java:744)
	Thread 'com.microsoft.wake.remote.transport.netty.NettyMessagingTransportServerWorker-pool-4-thread-18':
		java.lang.Thread.sleep(Native Method)
		io.netty.util.concurrent.SingleThreadEventExecutor.confirmShutdown(SingleThreadEventExecutor.java:662)
		io.netty.channel.nio.NioEventLoop.run(NioEventLoop.java:362)
		io.netty.util.concurrent.SingleThreadEventExecutor$2.run(SingleThreadEventExecutor.java:116)
		java.lang.Thread.run(Thread.java:744)
	Thread 'com.microsoft.wake.remote.transport.netty.NettyMessagingTransportServerWorker-pool-4-thread-13':
		java.lang.Thread.sleep(Native Method)
		io.netty.util.concurrent.SingleThreadEventExecutor.confirmShutdown(SingleThreadEventExecutor.java:662)
		io.netty.channel.nio.NioEventLoop.run(NioEventLoop.java:362)
		io.netty.util.concurrent.SingleThreadEventExecutor$2.run(SingleThreadEventExecutor.java:116)
		java.lang.Thread.run(Thread.java:744)
	Thread 'com.microsoft.wake.remote.transport.netty.NettyMessagingTransportClientWorker-pool-5-thread-2':
		java.lang.Thread.sleep(Native Method)
		io.netty.util.concurrent.SingleThreadEventExecutor.confirmShutdown(SingleThreadEventExecutor.java:662)
		io.netty.channel.nio.NioEventLoop.run(NioEventLoop.java:362)
		io.netty.util.concurrent.SingleThreadEventExecutor$2.run(SingleThreadEventExecutor.java:116)
		java.lang.Thread.run(Thread.java:744)
	Thread 'com.microsoft.wake.remote.transport.netty.NettyMessagingTransportServerWorker-pool-4-thread-11':
		java.lang.Thread.sleep(Native Method)
		io.netty.util.concurrent.SingleThreadEventExecutor.confirmShutdown(SingleThreadEventExecutor.java:662)
		io.netty.channel.nio.NioEventLoop.run(NioEventLoop.java:362)
		io.netty.util.concurrent.SingleThreadEventExecutor$2.run(SingleThreadEventExecutor.java:116)
		java.lang.Thread.run(Thread.java:744)
	Thread 'com.microsoft.wake.remote.transport.netty.NettyMessagingTransportServerWorker-pool-4-thread-12':
		java.lang.Thread.sleep(Native Method)
		io.netty.util.concurrent.SingleThreadEventExecutor.confirmShutdown(SingleThreadEventExecutor.java:662)
		io.netty.channel.nio.NioEventLoop.run(NioEventLoop.java:362)
		io.netty.util.concurrent.SingleThreadEventExecutor$2.run(SingleThreadEventExecutor.java:116)
		java.lang.Thread.run(Thread.java:744)
	Thread 'com.microsoft.wake.remote.transport.netty.NettyMessagingTransportServerWorker-pool-4-thread-16':
		java.lang.Thread.sleep(Native Method)
		io.netty.util.concurrent.SingleThreadEventExecutor.confirmShutdown(SingleThreadEventExecutor.java:662)
		io.netty.channel.nio.NioEventLoop.run(NioEventLoop.java:362)
		io.netty.util.concurrent.SingleThreadEventExecutor$2.run(SingleThreadEventExecutor.java:116)
		java.lang.Thread.run(Thread.java:744)
	Thread 'com.microsoft.wake.remote.transport.netty.NettyMessagingTransportServerWorker-pool-4-thread-20':
		java.lang.Thread.sleep(Native Method)
		io.netty.util.concurrent.SingleThreadEventExecutor.confirmShutdown(SingleThreadEventExecutor.java:662)
		io.netty.channel.nio.NioEventLoop.run(NioEventLoop.java:362)
		io.netty.util.concurrent.SingleThreadEventExecutor$2.run(SingleThreadEventExecutor.java:116)
		java.lang.Thread.run(Thread.java:744)
	Thread 'com.microsoft.wake.remote.transport.netty.NettyMessagingTransportClientWorker-pool-5-thread-7':
		java.lang.Thread.sleep(Native Method)
		io.netty.util.concurrent.SingleThreadEventExecutor.confirmShutdown(SingleThreadEventExecutor.java:662)
		io.netty.channel.nio.NioEventLoop.run(NioEventLoop.java:362)
		io.netty.util.concurrent.SingleThreadEventExecutor$2.run(SingleThreadEventExecutor.java:116)
		java.lang.Thread.run(Thread.java:744)
	Thread 'com.microsoft.wake.remote.transport.netty.NettyMessagingTransportServerWorker-pool-4-thread-14':
		java.lang.Thread.sleep(Native Method)
		io.netty.util.concurrent.SingleThreadEventExecutor.confirmShutdown(SingleThreadEventExecutor.java:662)
		io.netty.channel.nio.NioEventLoop.run(NioEventLoop.java:362)
		io.netty.util.concurrent.SingleThreadEventExecutor$2.run(SingleThreadEventExecutor.java:116)
		java.lang.Thread.run(Thread.java:744)
	Thread 'com.microsoft.wake.remote.transport.netty.NettyMessagingTransportServerWorker-pool-4-thread-3':
		java.lang.Thread.sleep(Native Method)
		io.netty.util.concurrent.SingleThreadEventExecutor.confirmShutdown(SingleThreadEventExecutor.java:662)
		io.netty.channel.nio.NioEventLoop.run(NioEventLoop.java:362)
		io.netty.util.concurrent.SingleThreadEventExecutor$2.run(SingleThreadEventExecutor.java:116)
		java.lang.Thread.run(Thread.java:744)
	Thread 'com.microsoft.wake.remote.transport.netty.NettyMessagingTransportClientWorker-pool-5-thread-10':
		java.lang.Thread.sleep(Native Method)
		io.netty.util.concurrent.SingleThreadEventExecutor.confirmShutdown(SingleThreadEventExecutor.java:662)
		io.netty.channel.nio.NioEventLoop.run(NioEventLoop.java:362)
		io.netty.util.concurrent.SingleThreadEventExecutor$2.run(SingleThreadEventExecutor.java:116)
		java.lang.Thread.run(Thread.java:744)
	Thread 'com.microsoft.wake.remote.transport.netty.NettyMessagingTransportClientWorker-pool-5-thread-3':
		java.lang.Thread.sleep(Native Method)
		io.netty.util.concurrent.SingleThreadEventExecutor.confirmShutdown(SingleThreadEventExecutor.java:662)
		io.netty.channel.nio.NioEventLoop.run(NioEventLoop.java:362)
		io.netty.util.concurrent.SingleThreadEventExecutor$2.run(SingleThreadEventExecutor.java:116)
		java.lang.Thread.run(Thread.java:744)
	Thread 'main':
		java.lang.Thread.dumpThreads(Native Method)
		java.lang.Thread.getAllStackTraces(Thread.java:1639)
		org.apache.reef.util.ThreadLogger.getFormattedThreadList(ThreadLogger.java:67)
		org.apache.reef.util.ThreadLogger.getFormattedThreadList(ThreadLogger.java:80)
		com.microsoft.reef.runtime.common.Launcher.main(Launcher.java:116)
	Thread 'com.microsoft.wake.remote.transport.netty.NettyMessagingTransportServerWorker-pool-4-thread-6':
		java.lang.Thread.sleep(Native Method)
		io.netty.util.concurrent.SingleThreadEventExecutor.confirmShutdown(SingleThreadEventExecutor.java:662)
		io.netty.channel.nio.NioEventLoop.run(NioEventLoop.java:362)
		io.netty.util.concurrent.SingleThreadEventExecutor$2.run(SingleThreadEventExecutor.java:116)
		java.lang.Thread.run(Thread.java:744)
	Thread 'process reaper':
		sun.misc.Unsafe.park(Native Method)
		java.util.concurrent.locks.LockSupport.parkNanos(LockSupport.java:226)
		java.util.concurrent.SynchronousQueue$TransferStack.awaitFulfill(SynchronousQueue.java:460)
		java.util.concurrent.SynchronousQueue$TransferStack.transfer(SynchronousQueue.java:359)
		java.util.concurrent.SynchronousQueue.poll(SynchronousQueue.java:942)
		java.util.concurrent.ThreadPoolExecutor.getTask(ThreadPoolExecutor.java:1068)
		java.util.concurrent.ThreadPoolExecutor.runWorker(ThreadPoolExecutor.java:1130)
		java.util.concurrent.ThreadPoolExecutor$Worker.run(ThreadPoolExecutor.java:615)
		java.lang.Thread.run(Thread.java:744)
	Thread 'com.microsoft.wake.remote.transport.netty.NettyMessagingTransportServerBoss-pool-3-thread-2':
		java.lang.Thread.sleep(Native Method)
		io.netty.util.concurrent.SingleThreadEventExecutor.confirmShutdown(SingleThreadEventExecutor.java:662)
		io.netty.channel.nio.NioEventLoop.run(NioEventLoop.java:362)
		io.netty.util.concurrent.SingleThreadEventExecutor$2.run(SingleThreadEventExecutor.java:116)
		java.lang.Thread.run(Thread.java:744)
	Thread 'com.microsoft.wake.remote.transport.netty.NettyMessagingTransportServerWorker-pool-4-thread-1':
		java.lang.Thread.sleep(Native Method)
		io.netty.util.concurrent.SingleThreadEventExecutor.confirmShutdown(SingleThreadEventExecutor.java:662)
		io.netty.channel.nio.NioEventLoop.run(NioEventLoop.java:362)
		io.netty.util.concurrent.SingleThreadEventExecutor$2.run(SingleThreadEventExecutor.java:116)
		java.lang.Thread.run(Thread.java:744)
	Thread 'com.microsoft.wake.remote.transport.netty.NettyMessagingTransportServerWorker-pool-4-thread-10':
		java.lang.Thread.sleep(Native Method)
		io.netty.util.concurrent.SingleThreadEventExecutor.confirmShutdown(SingleThreadEventExecutor.java:662)
		io.netty.channel.nio.NioEventLoop.run(NioEventLoop.java:362)
		io.netty.util.concurrent.SingleThreadEventExecutor$2.run(SingleThreadEventExecutor.java:116)
		java.lang.Thread.run(Thread.java:744)
	Thread 'com.microsoft.wake.remote.transport.netty.NettyMessagingTransportServerBoss-pool-3-thread-3':
		java.lang.Thread.sleep(Native Method)
		io.netty.util.concurrent.SingleThreadEventExecutor.confirmShutdown(SingleThreadEventExecutor.java:662)
		io.netty.channel.nio.NioEventLoop.run(NioEventLoop.java:362)
		io.netty.util.concurrent.SingleThreadEventExecutor$2.run(SingleThreadEventExecutor.java:116)
		java.lang.Thread.run(Thread.java:744)
	Thread 'com.microsoft.wake.remote.transport.netty.NettyMessagingTransportServerWorker-pool-4-thread-7':
		java.lang.Thread.sleep(Native Method)
		io.netty.util.concurrent.SingleThreadEventExecutor.confirmShutdown(SingleThreadEventExecutor.java:662)
		io.netty.channel.nio.NioEventLoop.run(NioEventLoop.java:362)
		io.netty.util.concurrent.SingleThreadEventExecutor$2.run(SingleThreadEventExecutor.java:116)
		java.lang.Thread.run(Thread.java:744)
	Thread 'com.microsoft.wake.remote.transport.netty.NettyMessagingTransportClientWorker-pool-5-thread-1':
		java.lang.Thread.sleep(Native Method)
		io.netty.util.concurrent.SingleThreadEventExecutor.confirmShutdown(SingleThreadEventExecutor.java:662)
		io.netty.channel.nio.NioEventLoop.run(NioEventLoop.java:362)
		io.netty.util.concurrent.SingleThreadEventExecutor$2.run(SingleThreadEventExecutor.java:116)
		java.lang.Thread.run(Thread.java:744)
	Thread 'com.microsoft.wake.remote.transport.netty.NettyMessagingTransportClientWorker-pool-5-thread-6':
		java.lang.Thread.sleep(Native Method)
		io.netty.util.concurrent.SingleThreadEventExecutor.confirmShutdown(SingleThreadEventExecutor.java:662)
		io.netty.channel.nio.NioEventLoop.run(NioEventLoop.java:362)
		io.netty.util.concurrent.SingleThreadEventExecutor$2.run(SingleThreadEventExecutor.java:116)
		java.lang.Thread.run(Thread.java:744)
	Thread 'com.microsoft.wake.remote.transport.netty.NettyMessagingTransportServerBoss-pool-3-thread-1':
		java.lang.Thread.sleep(Native Method)
		io.netty.util.concurrent.SingleThreadEventExecutor.confirmShutdown(SingleThreadEventExecutor.java:662)
		io.netty.channel.nio.NioEventLoop.run(NioEventLoop.java:362)
		io.netty.util.concurrent.SingleThreadEventExecutor$2.run(SingleThreadEventExecutor.java:116)
		java.lang.Thread.run(Thread.java:744)
	Thread 'com.microsoft.wake.remote.transport.netty.NettyMessagingTransportServerWorker-pool-4-thread-2':
		java.lang.Thread.sleep(Native Method)
		io.netty.util.concurrent.SingleThreadEventExecutor.confirmShutdown(SingleThreadEventExecutor.java:662)
		io.netty.channel.nio.NioEventLoop.run(NioEventLoop.java:362)
		io.netty.util.concurrent.SingleThreadEventExecutor$2.run(SingleThreadEventExecutor.java:116)
		java.lang.Thread.run(Thread.java:744)
	Thread 'com.microsoft.wake.remote.transport.netty.NettyMessagingTransportServerWorker-pool-4-thread-8':
		java.lang.Thread.sleep(Native Method)
		io.netty.util.concurrent.SingleThreadEventExecutor.confirmShutdown(SingleThreadEventExecutor.java:662)
		io.netty.channel.nio.NioEventLoop.run(NioEventLoop.java:362)
		io.netty.util.concurrent.SingleThreadEventExecutor$2.run(SingleThreadEventExecutor.java:116)
		java.lang.Thread.run(Thread.java:744)
	Thread 'com.microsoft.wake.remote.transport.netty.NettyMessagingTransportServerWorker-pool-4-thread-19':
		java.lang.Thread.sleep(Native Method)
		io.netty.util.concurrent.SingleThreadEventExecutor.confirmShutdown(SingleThreadEventExecutor.java:662)
		io.netty.channel.nio.NioEventLoop.run(NioEventLoop.java:362)
		io.netty.util.concurrent.SingleThreadEventExecutor$2.run(SingleThreadEventExecutor.java:116)
		java.lang.Thread.run(Thread.java:744)
	Thread 'com.microsoft.wake.remote.transport.netty.NettyMessagingTransportServerWorker-pool-4-thread-5':
		java.lang.Thread.sleep(Native Method)
		io.netty.util.concurrent.SingleThreadEventExecutor.confirmShutdown(SingleThreadEventExecutor.java:662)
		io.netty.channel.nio.NioEventLoop.run(NioEventLoop.java:362)
		io.netty.util.concurrent.SingleThreadEventExecutor$2.run(SingleThreadEventExecutor.java:116)
		java.lang.Thread.run(Thread.java:744)
	Thread 'Reference Handler':
		java.lang.Object.wait(Native Method)
		java.lang.Object.wait(Object.java:503)
		java.lang.ref.Reference$ReferenceHandler.run(Reference.java:133)
	Thread 'Finalizer':
		java.lang.Object.wait(Native Method)
		java.lang.ref.ReferenceQueue.remove(ReferenceQueue.java:135)
		java.lang.ref.ReferenceQueue.remove(ReferenceQueue.java:151)
		java.lang.ref.Finalizer$FinalizerThread.run(Finalizer.java:189)
	Thread 'com.microsoft.wake.remote.transport.netty.NettyMessagingTransportClientWorker-pool-5-thread-5':
		java.lang.Thread.sleep(Native Method)
		io.netty.util.concurrent.SingleThreadEventExecutor.confirmShutdown(SingleThreadEventExecutor.java:662)
		io.netty.channel.nio.NioEventLoop.run(NioEventLoop.java:362)
		io.netty.util.concurrent.SingleThreadEventExecutor$2.run(SingleThreadEventExecutor.java:116)
		java.lang.Thread.run(Thread.java:744)

LogType: driver.stdout
LogLength: 679
Log Contents:
2014-08-30 15:40:59,780 INFO  [main] mortbay.log (Slf4jLog.java:info(67)) - Logging to org.slf4j.impl.Log4jLoggerAdapter(org.mortbay.log) via org.mortbay.log.Slf4jLog
2014-08-30 15:40:59,782 INFO  [main] mortbay.log (Slf4jLog.java:info(67)) - jetty-6.1.x
2014-08-30 15:40:59,791 INFO  [main] mortbay.log (Slf4jLog.java:info(67)) - Started SocketConnector@0.0.0.0:8080
OpenJDK 64-Bit Server VM warning: You have loaded library /home/hadoop/hadoop-2.4.0/lib/native/libhadoop.so.1.0.0 which might have disabled stack guard. The VM will try to fix the stack guard now.
It's highly recommended that you fix the library with 'execstack -c <libfile>', or link it with '-z noexecstack'.



Container: container_1407928099291_0608_01_000001 on node03-Optiplex-9020_41587
=================================================================================
LogType: driver.stderr
LogLength: 36537
Log Contents:
2014-08-30 15:40:38,261 FINE reef.runtime.common.Launcher.main main | Launcher started with user name [hadoop]
2014-08-30 15:40:38,274 FINE reef.runtime.common.Launcher.main main | Launcher started. Assertions are DISABLED in this process.
2014-08-30 15:40:38,390 FINE wake.impl.StageManager.<init> main | StageManager adds a shutdown hook
2014-08-30 15:40:38,391 FINEST wake.impl.StageManager.register main | StageManager adds stage com.microsoft.wake.impl.ThreadPoolStage@53248513
2014-08-30 15:40:38,393 FINEST wake.impl.StageManager.register main | StageManager adds stage com.microsoft.wake.impl.ThreadPoolStage@79c4cc17
2014-08-30 15:40:38,401 FINE wake.remote.NetUtils.getLocalAddress main | Local address is 147.46.241.125
2014-08-30 15:40:38,561 FINE wake.remote.transport.netty.NettyMessagingTransport.<init> main | Binding to 0
2014-08-30 15:40:38,566 FINEST wake.remote.transport.netty.NettyMessagingTransport.<init> main | Try port 17,717
2014-08-30 15:40:38,617 FINE wake.remote.transport.netty.NettyMessagingTransport.<init> main | Starting netty transport socket address: /147.46.241.125:17717
2014-08-30 15:40:38,618 FINEST wake.impl.StageManager.register main | StageManager adds stage com.microsoft.wake.remote.impl.DefaultRemoteManagerImplementation@186a0df6
2014-08-30 15:40:38,618 FINEST wake.remote.impl.DefaultRemoteManagerImplementation.<init> main | RemoteManager REEF_LAUNCHER instantiated id socket://147.46.241.125:17717 counter 1 listening on /147.46.241.125:17717:17,717
2014-08-30 15:40:38,619 FINE reef.runtime.common.utils.RemoteManager.<init> main | Instantiated RemoteManager with remoteId: socket://147.46.241.125:17717
2014-08-30 15:40:38,619 FINE reef.runtime.common.Launcher.main main | Launcher starting
2014-08-30 15:40:38,620 FINER reef.runtime.common.launch.LaunchClass.run main | ENTRY Starting the clock
2014-08-30 15:40:38,620 FINEST reef.runtime.common.launch.LaunchClass.readConfigurationFromDisk main | Loading configuration file: reef/local/driver.conf
2014-08-30 15:40:39,062 FINE wake.time.runtime.RuntimeClock.<init> main | RuntimeClock instantiated.
2014-08-30 15:40:39,088 FINE hadoop.util.Shell.isSetsidSupported main | setsid exited with exit code 0
2014-08-30 15:40:39,088 FINE reef.runtime.common.driver.catalog.ResourceCatalogImpl.<init> main | Instantiated 'ResourceCatalogImpl'
2014-08-30 15:40:39,089 FINE reef.runtime.common.driver.client.ClientConnection.<init> main | Instantiated 'ClientConnection' without an actual connection to the client.
2014-08-30 15:40:39,090 FINE reef.runtime.common.driver.DriverStatusManager.<init> main | Instantiated 'DriverStatusManager'
2014-08-30 15:40:39,092 FINE reef.runtime.common.driver.evaluator.Evaluators.<init> main | Instantiated 'Evaluators'
2014-08-30 15:40:39,093 FINEST reef.runtime.yarn.driver.ContainerRequestCounter.<init> main | Instantiated 'ContainerRequestCounter'
2014-08-30 15:40:39,117 INFO reef.webserver.HttpServerImpl.<init> main | Jetty Server started with port: 8,080
2014-08-30 15:40:39,121 FINE hadoop.service.AbstractService.enterState main | Service: org.apache.hadoop.yarn.client.api.impl.YarnClientImpl entered state INITED
2014-08-30 15:40:39,138 FINEST reef.runtime.yarn.driver.YarnContainerManager.<init> main | Instantiated YarnContainerManager
2014-08-30 15:40:39,138 FINEST reef.runtime.yarn.driver.YarnContainerRequestHandlerImpl.<init> main | Instantiated 'YarnContainerRequestHandler'
2014-08-30 15:40:39,139 FINE reef.inmemory.driver.replication.ReplicationPolicyImpl.<init> main | Applying rules: {"rules":[],"default":{"factor":1,"pin":false}}
2014-08-30 15:40:39,160 FINE hadoop.hdfs.BlockReaderLocal.<init> main | dfs.client.use.legacy.blockreader.local = false
2014-08-30 15:40:39,160 FINE hadoop.hdfs.BlockReaderLocal.<init> main | dfs.client.read.shortcircuit = false
2014-08-30 15:40:39,160 FINE hadoop.hdfs.BlockReaderLocal.<init> main | dfs.client.domain.socket.data.traffic = false
2014-08-30 15:40:39,160 FINE hadoop.hdfs.BlockReaderLocal.<init> main | dfs.domain.socket.path = 
2014-08-30 15:40:39,274 FINE hadoop.metrics2.lib.MutableMetricsFactory.newForField main | field org.apache.hadoop.metrics2.lib.MutableRate org.apache.hadoop.security.UserGroupInformation$UgiMetrics.loginSuccess with annotation @org.apache.hadoop.metrics2.annotation.Metric(valueName=Time, about=, value=[Rate of successful kerberos logins and latency (milliseconds)], always=false, type=DEFAULT, sampleName=Ops)
2014-08-30 15:40:39,280 FINE hadoop.metrics2.lib.MutableMetricsFactory.newForField main | field org.apache.hadoop.metrics2.lib.MutableRate org.apache.hadoop.security.UserGroupInformation$UgiMetrics.loginFailure with annotation @org.apache.hadoop.metrics2.annotation.Metric(valueName=Time, about=, value=[Rate of failed kerberos logins and latency (milliseconds)], always=false, type=DEFAULT, sampleName=Ops)
2014-08-30 15:40:39,281 FINE hadoop.metrics2.lib.MutableMetricsFactory.newForField main | field org.apache.hadoop.metrics2.lib.MutableRate org.apache.hadoop.security.UserGroupInformation$UgiMetrics.getGroups with annotation @org.apache.hadoop.metrics2.annotation.Metric(valueName=Time, about=, value=[GetGroups], always=false, type=DEFAULT, sampleName=Ops)
2014-08-30 15:40:39,282 FINE hadoop.metrics2.impl.MetricsSystemImpl.register main | UgiMetrics, User and group related metrics
2014-08-30 15:40:39,378 FINE hadoop.security.Groups.getUserToGroupsMappingService main |  Creating new Groups object
2014-08-30 15:40:39,379 FINE hadoop.security.Groups.<init> main | Group mapping impl=org.apache.hadoop.security.ShellBasedUnixGroupsMapping; cacheTimeout=300000; warningDeltaMs=5000
2014-08-30 15:40:39,382 FINE hadoop.security.UserGroupInformation.login main | hadoop login
2014-08-30 15:40:39,382 FINE hadoop.security.UserGroupInformation.commit main | hadoop login commit
2014-08-30 15:40:39,383 FINE hadoop.security.UserGroupInformation.commit main | using local user:UnixPrincipal: hadoop
2014-08-30 15:40:39,389 FINE hadoop.security.UserGroupInformation.loginUserFromSubject main | UGI loginUser:hadoop (auth:SIMPLE)
2014-08-30 15:40:39,438 FINE hadoop.io.retry.RetryUtils.getDefaultRetryPolicy main | multipleLinearRandomRetry = null
2014-08-30 15:40:39,452 FINE hadoop.ipc.Server.registerProtocolEngine main | rpcKind=RPC_PROTOCOL_BUFFER, rpcRequestWrapperClass=class org.apache.hadoop.ipc.ProtobufRpcEngine$RpcRequestWrapper, rpcInvoker=org.apache.hadoop.ipc.ProtobufRpcEngine$Server$ProtoBufRpcInvoker@51928d91
2014-08-30 15:40:39,455 FINE hadoop.ipc.Client.getClient main | getting client out of cache: org.apache.hadoop.ipc.Client@1cb953b3
2014-08-30 15:40:39,625 FINE hadoop.util.NativeCodeLoader.<clinit> main | Trying to load the custom-built native-hadoop library...
2014-08-30 15:40:39,626 FINE hadoop.util.NativeCodeLoader.<clinit> main | Failed to load native-hadoop with error: java.lang.UnsatisfiedLinkError: /home/hadoop/hadoop-2.4.0/lib/native/libhadoop.so.1.0.0: /home/hadoop/hadoop-2.4.0/lib/native/libhadoop.so.1.0.0: wrong ELF class: ELFCLASS32 (Possible cause: architecture word width mismatch)
2014-08-30 15:40:39,626 FINE hadoop.util.NativeCodeLoader.<clinit> main | java.library.path=:/home/hadoop/hadoop-2.4.0/lib/native:/home/hadoop/hadoop-2.4.0/lib/native:/usr/java/packages/lib/amd64:/usr/lib/x86_64-linux-gnu/jni:/lib/x86_64-linux-gnu:/usr/lib/x86_64-linux-gnu:/usr/lib/jni:/lib:/usr/lib
2014-08-30 15:40:39,626 WARNING hadoop.util.NativeCodeLoader.<clinit> main | Unable to load native-hadoop library for your platform... using builtin-java classes where applicable
2014-08-30 15:40:39,644 FINE hadoop.hdfs.BlockReaderLocal.<init> main | Both short-circuit local reads and UNIX domain socket are disabled.
2014-08-30 15:40:39,646 FINEST wake.impl.StageManager.register main | StageManager adds stage com.microsoft.wake.impl.ThreadPoolStage@2dd300ec
2014-08-30 15:40:39,647 FINE reef.runtime.common.driver.client.ClientManager.<init> main | Not registering a handler for JobControlProto, as there is no client.
2014-08-30 15:40:40,998 FINE reef.runtime.yarn.driver.EvaluatorSetupHelper.uploadToJobFolder main | Uploading /home/hadoop/hdfstmp/nm-local-dir/usercache/yunseong/appcache/application_1407928099291_0608/container_1407928099291_0608_01_000001/global.jar to /tmp/reef-job-608/global.jar
2014-08-30 15:40:41,085 FINE hadoop.security.UserGroupInformation.logPrivilegedAction main | PrivilegedAction as:hadoop (auth:SIMPLE) from:org.apache.hadoop.fs.FileContext.getAbstractFileSystem(FileContext.java:330)
2014-08-30 15:40:41,097 FINE hadoop.security.UserGroupInformation.doAs main | PrivilegedActionException as:hadoop (auth:SIMPLE) cause:org.apache.hadoop.fs.UnsupportedFileSystemException: No AbstractFileSystem for scheme: file
2014-08-30 15:40:41,098 SEVERE reef.runtime.common.launch.REEFErrorHandler.onNext main | Uncaught exception.
java.lang.Exception: Unable to instantiate the clock
	at com.microsoft.reef.runtime.common.launch.LaunchClass.fail(LaunchClass.java:179)
	at com.microsoft.reef.runtime.common.launch.LaunchClass.getClock(LaunchClass.java:146)
	at com.microsoft.reef.runtime.common.launch.LaunchClass.run(LaunchClass.java:159)
	at com.microsoft.reef.runtime.common.Launcher.main(Launcher.java:108)
Caused by: java.lang.RuntimeException: com.microsoft.tang.exceptions.InjectionException: Could not invoke constructor: new EvaluatorSetupHelper(String JobSubmissionDirectory = /tmp/reef-job-608, YarnConfiguration = new YarnConfigurationConstructor(), new REEFFileNames(), ConfigurationSerializer = new AvroConfigurationSerializer())
	at com.microsoft.tang.InjectionFuture.get(InjectionFuture.java:124)
	at com.microsoft.tang.implementation.java.InjectorImpl.getInstance(InjectorImpl.java:442)
	at com.microsoft.tang.implementation.java.InjectorImpl.getInstance(InjectorImpl.java:454)
	at com.microsoft.reef.runtime.common.launch.LaunchClass.getClock(LaunchClass.java:144)
	... 2 more
Caused by: com.microsoft.tang.exceptions.InjectionException: Could not invoke constructor: new EvaluatorSetupHelper(String JobSubmissionDirectory = /tmp/reef-job-608, YarnConfiguration = new YarnConfigurationConstructor(), new REEFFileNames(), ConfigurationSerializer = new AvroConfigurationSerializer())
	at com.microsoft.tang.implementation.java.InjectorImpl.injectFromPlan(InjectorImpl.java:574)
	at com.microsoft.tang.implementation.java.InjectorImpl.injectFromPlan(InjectorImpl.java:546)
	at com.microsoft.tang.implementation.java.InjectorImpl.injectFromPlan(InjectorImpl.java:580)
	at com.microsoft.tang.implementation.java.InjectorImpl.injectFromPlan(InjectorImpl.java:546)
	at com.microsoft.tang.implementation.java.InjectorImpl.injectFromPlan(InjectorImpl.java:546)
	at com.microsoft.tang.implementation.java.InjectorImpl.injectFromPlan(InjectorImpl.java:585)
	at com.microsoft.tang.implementation.java.InjectorImpl.getInstance(InjectorImpl.java:436)
	at com.microsoft.tang.implementation.java.InjectorImpl.getNamedInstance(InjectorImpl.java:467)
	at com.microsoft.tang.InjectionFuture.get(InjectionFuture.java:113)
	... 5 more
Caused by: org.apache.hadoop.fs.UnsupportedFileSystemException: No AbstractFileSystem for scheme: file
	at org.apache.hadoop.fs.AbstractFileSystem.createFileSystem(AbstractFileSystem.java:154)
	at org.apache.hadoop.fs.AbstractFileSystem.get(AbstractFileSystem.java:242)
	at org.apache.hadoop.fs.FileContext$2.run(FileContext.java:333)
	at org.apache.hadoop.fs.FileContext$2.run(FileContext.java:330)
	at java.security.AccessController.doPrivileged(Native Method)
	at javax.security.auth.Subject.doAs(Subject.java:415)
	at org.apache.hadoop.security.UserGroupInformation.doAs(UserGroupInformation.java:1548)
	at org.apache.hadoop.fs.FileContext.getAbstractFileSystem(FileContext.java:330)
	at org.apache.hadoop.fs.FileContext.getFileContext(FileContext.java:444)
	at org.apache.hadoop.fs.FileContext.getFileContext(FileContext.java:424)
	at com.microsoft.reef.runtime.yarn.driver.EvaluatorSetupHelper.makeLocalResourceForJarFile(EvaluatorSetupHelper.java:172)
	at com.microsoft.reef.runtime.yarn.driver.EvaluatorSetupHelper.setup(EvaluatorSetupHelper.java:85)
	at com.microsoft.reef.runtime.yarn.driver.EvaluatorSetupHelper.<init>(EvaluatorSetupHelper.java:75)
	at sun.reflect.NativeConstructorAccessorImpl.newInstance0(Native Method)
	at sun.reflect.NativeConstructorAccessorImpl.newInstance(NativeConstructorAccessorImpl.java:57)
	at sun.reflect.DelegatingConstructorAccessorImpl.newInstance(DelegatingConstructorAccessorImpl.java:45)
	at java.lang.reflect.Constructor.newInstance(Constructor.java:526)
	at com.microsoft.tang.implementation.java.InjectorImpl.injectFromPlan(InjectorImpl.java:558)
	... 13 more

2014-08-30 15:40:41,098 SEVERE reef.runtime.common.launch.REEFErrorHandler.onNext main | Caught an exception from Wake we cannot send upstream because there is no upstream
2014-08-30 15:40:41,099 SEVERE reef.runtime.common.launch.REEFErrorHandler.onNext main | Uncaught exception.
java.lang.Exception: Fatal exception while executing the clock
	at com.microsoft.reef.runtime.common.launch.LaunchClass.fail(LaunchClass.java:179)
	at com.microsoft.reef.runtime.common.launch.LaunchClass.run(LaunchClass.java:161)
	at com.microsoft.reef.runtime.common.Launcher.main(Launcher.java:108)
Caused by: java.lang.RuntimeException: Unable to instantiate the clock
	at com.microsoft.reef.runtime.common.launch.LaunchClass.getClock(LaunchClass.java:147)
	at com.microsoft.reef.runtime.common.launch.LaunchClass.run(LaunchClass.java:159)
	... 1 more
Caused by: java.lang.RuntimeException: com.microsoft.tang.exceptions.InjectionException: Could not invoke constructor: new EvaluatorSetupHelper(String JobSubmissionDirectory = /tmp/reef-job-608, YarnConfiguration = new YarnConfigurationConstructor(), new REEFFileNames(), ConfigurationSerializer = new AvroConfigurationSerializer())
	at com.microsoft.tang.InjectionFuture.get(InjectionFuture.java:124)
	at com.microsoft.tang.implementation.java.InjectorImpl.getInstance(InjectorImpl.java:442)
	at com.microsoft.tang.implementation.java.InjectorImpl.getInstance(InjectorImpl.java:454)
	at com.microsoft.reef.runtime.common.launch.LaunchClass.getClock(LaunchClass.java:144)
	... 2 more
Caused by: com.microsoft.tang.exceptions.InjectionException: Could not invoke constructor: new EvaluatorSetupHelper(String JobSubmissionDirectory = /tmp/reef-job-608, YarnConfiguration = new YarnConfigurationConstructor(), new REEFFileNames(), ConfigurationSerializer = new AvroConfigurationSerializer())
	at com.microsoft.tang.implementation.java.InjectorImpl.injectFromPlan(InjectorImpl.java:574)
	at com.microsoft.tang.implementation.java.InjectorImpl.injectFromPlan(InjectorImpl.java:546)
	at com.microsoft.tang.implementation.java.InjectorImpl.injectFromPlan(InjectorImpl.java:580)
	at com.microsoft.tang.implementation.java.InjectorImpl.injectFromPlan(InjectorImpl.java:546)
	at com.microsoft.tang.implementation.java.InjectorImpl.injectFromPlan(InjectorImpl.java:546)
	at com.microsoft.tang.implementation.java.InjectorImpl.injectFromPlan(InjectorImpl.java:585)
	at com.microsoft.tang.implementation.java.InjectorImpl.getInstance(InjectorImpl.java:436)
	at com.microsoft.tang.implementation.java.InjectorImpl.getNamedInstance(InjectorImpl.java:467)
	at com.microsoft.tang.InjectionFuture.get(InjectionFuture.java:113)
	... 5 more
Caused by: org.apache.hadoop.fs.UnsupportedFileSystemException: No AbstractFileSystem for scheme: file
	at org.apache.hadoop.fs.AbstractFileSystem.createFileSystem(AbstractFileSystem.java:154)
	at org.apache.hadoop.fs.AbstractFileSystem.get(AbstractFileSystem.java:242)
	at org.apache.hadoop.fs.FileContext$2.run(FileContext.java:333)
	at org.apache.hadoop.fs.FileContext$2.run(FileContext.java:330)
	at java.security.AccessController.doPrivileged(Native Method)
	at javax.security.auth.Subject.doAs(Subject.java:415)
	at org.apache.hadoop.security.UserGroupInformation.doAs(UserGroupInformation.java:1548)
	at org.apache.hadoop.fs.FileContext.getAbstractFileSystem(FileContext.java:330)
	at org.apache.hadoop.fs.FileContext.getFileContext(FileContext.java:444)
	at org.apache.hadoop.fs.FileContext.getFileContext(FileContext.java:424)
	at com.microsoft.reef.runtime.yarn.driver.EvaluatorSetupHelper.makeLocalResourceForJarFile(EvaluatorSetupHelper.java:172)
	at com.microsoft.reef.runtime.yarn.driver.EvaluatorSetupHelper.setup(EvaluatorSetupHelper.java:85)
	at com.microsoft.reef.runtime.yarn.driver.EvaluatorSetupHelper.<init>(EvaluatorSetupHelper.java:75)
	at sun.reflect.NativeConstructorAccessorImpl.newInstance0(Native Method)
	at sun.reflect.NativeConstructorAccessorImpl.newInstance(NativeConstructorAccessorImpl.java:57)
	at sun.reflect.DelegatingConstructorAccessorImpl.newInstance(DelegatingConstructorAccessorImpl.java:45)
	at java.lang.reflect.Constructor.newInstance(Constructor.java:526)
	at com.microsoft.tang.implementation.java.InjectorImpl.injectFromPlan(InjectorImpl.java:558)
	... 13 more

2014-08-30 15:40:41,099 SEVERE reef.runtime.common.launch.REEFErrorHandler.onNext main | Caught an exception from Wake we cannot send upstream because there is no upstream
2014-08-30 15:40:41,099 FINER reef.runtime.common.launch.LaunchClass.run main | RETURN Clock terminated
2014-08-30 15:40:41,099 FINE reef.runtime.common.Launcher.main main | Launcher exiting
2014-08-30 15:40:41,100 FINER reef.runtime.common.launch.LaunchClass.close main | ENTRY
2014-08-30 15:40:41,100 FINE wake.remote.impl.DefaultRemoteManagerImplementation.close main | RemoteManager: REEF_LAUNCHER Closing remote manager id: socket://147.46.241.125:17717
2014-08-30 15:40:41,101 FINE wake.remote.impl.DefaultRemoteManagerImplementation$1.run pool-4-thread-1 | Closing sender stage socket://147.46.241.125:17717
2014-08-30 15:40:41,101 FINE wake.remote.impl.RemoteSenderStage.close pool-4-thread-1 | close com.microsoft.wake.remote.transport.netty.NettyMessagingTransport@ba1dc1d
2014-08-30 15:40:41,102 FINE wake.remote.impl.DefaultRemoteManagerImplementation$1.run pool-4-thread-1 | Closed the remote sender stage
2014-08-30 15:40:41,102 FINE wake.remote.impl.DefaultRemoteManagerImplementation$1.run pool-4-thread-1 | Closing transport socket://147.46.241.125:17717
2014-08-30 15:40:41,102 FINE wake.remote.transport.netty.NettyMessagingTransport.close pool-4-thread-1 | Closing netty transport socket address: /147.46.241.125:17717
2014-08-30 15:40:41,114 FINE wake.remote.transport.netty.NettyMessagingTransport.close pool-4-thread-1 | Closing netty transport socket address: /147.46.241.125:17717 done
2014-08-30 15:40:41,115 FINE wake.remote.impl.DefaultRemoteManagerImplementation$1.run pool-4-thread-1 | Closed the transport
2014-08-30 15:40:41,115 FINE wake.remote.impl.DefaultRemoteManagerImplementation$1.run pool-4-thread-1 | Closing receiver stage socket://147.46.241.125:17717
2014-08-30 15:40:41,115 FINE wake.remote.impl.OrderedRemoteReceiverStage.close pool-4-thread-1 | close
2014-08-30 15:40:41,115 FINE wake.remote.impl.DefaultRemoteManagerImplementation$1.run pool-4-thread-1 | Closed the remote receiver stage
2014-08-30 15:40:41,116 FINE wake.remote.impl.DefaultRemoteManagerImplementation.close main | Close executor terminated properly.
2014-08-30 15:40:41,116 FINER reef.runtime.common.launch.LaunchClass.close main | RETURN
2014-08-30 15:40:41,116 INFO reef.runtime.common.Launcher.main main | Exiting Launcher.main()
2014-08-30 15:40:41,117 FINEST reef.runtime.common.Launcher.main main | Threads running after Launcher.close():
	Thread 'com.microsoft.wake.remote.transport.netty.NettyMessagingTransportClientWorker-pool-5-thread-3':
		java.lang.Thread.sleep(Native Method)
		io.netty.util.concurrent.SingleThreadEventExecutor.confirmShutdown(SingleThreadEventExecutor.java:662)
		io.netty.channel.nio.NioEventLoop.run(NioEventLoop.java:362)
		io.netty.util.concurrent.SingleThreadEventExecutor$2.run(SingleThreadEventExecutor.java:116)
		java.lang.Thread.run(Thread.java:744)
	Thread 'com.microsoft.wake.remote.transport.netty.NettyMessagingTransportServerWorker-pool-4-thread-16':
		java.lang.Thread.sleep(Native Method)
		io.netty.util.concurrent.SingleThreadEventExecutor.confirmShutdown(SingleThreadEventExecutor.java:662)
		io.netty.channel.nio.NioEventLoop.run(NioEventLoop.java:362)
		io.netty.util.concurrent.SingleThreadEventExecutor$2.run(SingleThreadEventExecutor.java:116)
		java.lang.Thread.run(Thread.java:744)
	Thread 'com.microsoft.wake.remote.transport.netty.NettyMessagingTransportServerWorker-pool-4-thread-3':
		java.lang.Thread.sleep(Native Method)
		io.netty.util.concurrent.SingleThreadEventExecutor.confirmShutdown(SingleThreadEventExecutor.java:662)
		io.netty.channel.nio.NioEventLoop.run(NioEventLoop.java:362)
		io.netty.util.concurrent.SingleThreadEventExecutor$2.run(SingleThreadEventExecutor.java:116)
		java.lang.Thread.run(Thread.java:744)
	Thread 'Reference Handler':
		java.lang.Object.wait(Native Method)
		java.lang.Object.wait(Object.java:503)
		java.lang.ref.Reference$ReferenceHandler.run(Reference.java:133)
	Thread 'Finalizer':
		java.lang.Object.wait(Native Method)
		java.lang.ref.ReferenceQueue.remove(ReferenceQueue.java:135)
		java.lang.ref.ReferenceQueue.remove(ReferenceQueue.java:151)
		java.lang.ref.Finalizer$FinalizerThread.run(Finalizer.java:189)
	Thread 'com.microsoft.wake.remote.transport.netty.NettyMessagingTransportServerWorker-pool-4-thread-14':
		java.lang.Thread.sleep(Native Method)
		io.netty.util.concurrent.SingleThreadEventExecutor.confirmShutdown(SingleThreadEventExecutor.java:662)
		io.netty.channel.nio.NioEventLoop.run(NioEventLoop.java:362)
		io.netty.util.concurrent.SingleThreadEventExecutor$2.run(SingleThreadEventExecutor.java:116)
		java.lang.Thread.run(Thread.java:744)
	Thread 'com.microsoft.wake.remote.transport.netty.NettyMessagingTransportServerWorker-pool-4-thread-20':
		java.lang.Thread.sleep(Native Method)
		io.netty.util.concurrent.SingleThreadEventExecutor.confirmShutdown(SingleThreadEventExecutor.java:662)
		io.netty.channel.nio.NioEventLoop.run(NioEventLoop.java:362)
		io.netty.util.concurrent.SingleThreadEventExecutor$2.run(SingleThreadEventExecutor.java:116)
		java.lang.Thread.run(Thread.java:744)
	Thread 'com.microsoft.wake.remote.transport.netty.NettyMessagingTransportServerWorker-pool-4-thread-5':
		java.lang.Thread.sleep(Native Method)
		io.netty.util.concurrent.SingleThreadEventExecutor.confirmShutdown(SingleThreadEventExecutor.java:662)
		io.netty.channel.nio.NioEventLoop.run(NioEventLoop.java:362)
		io.netty.util.concurrent.SingleThreadEventExecutor$2.run(SingleThreadEventExecutor.java:116)
		java.lang.Thread.run(Thread.java:744)
	Thread 'com.microsoft.wake.remote.transport.netty.NettyMessagingTransportClientWorker-pool-5-thread-8':
		java.lang.Thread.sleep(Native Method)
		io.netty.util.concurrent.SingleThreadEventExecutor.confirmShutdown(SingleThreadEventExecutor.java:662)
		io.netty.channel.nio.NioEventLoop.run(NioEventLoop.java:362)
		io.netty.util.concurrent.SingleThreadEventExecutor$2.run(SingleThreadEventExecutor.java:116)
		java.lang.Thread.run(Thread.java:744)
	Thread 'com.microsoft.wake.remote.transport.netty.NettyMessagingTransportServerWorker-pool-4-thread-2':
		java.lang.Thread.sleep(Native Method)
		io.netty.util.concurrent.SingleThreadEventExecutor.confirmShutdown(SingleThreadEventExecutor.java:662)
		io.netty.channel.nio.NioEventLoop.run(NioEventLoop.java:362)
		io.netty.util.concurrent.SingleThreadEventExecutor$2.run(SingleThreadEventExecutor.java:116)
		java.lang.Thread.run(Thread.java:744)
	Thread 'com.microsoft.wake.remote.transport.netty.NettyMessagingTransportClientWorker-pool-5-thread-4':
		java.lang.Thread.sleep(Native Method)
		io.netty.util.concurrent.SingleThreadEventExecutor.confirmShutdown(SingleThreadEventExecutor.java:662)
		io.netty.channel.nio.NioEventLoop.run(NioEventLoop.java:362)
		io.netty.util.concurrent.SingleThreadEventExecutor$2.run(SingleThreadEventExecutor.java:116)
		java.lang.Thread.run(Thread.java:744)
	Thread 'com.microsoft.wake.remote.transport.netty.NettyMessagingTransportServerWorker-pool-4-thread-7':
		java.lang.Thread.sleep(Native Method)
		io.netty.util.concurrent.SingleThreadEventExecutor.confirmShutdown(SingleThreadEventExecutor.java:662)
		io.netty.channel.nio.NioEventLoop.run(NioEventLoop.java:362)
		io.netty.util.concurrent.SingleThreadEventExecutor$2.run(SingleThreadEventExecutor.java:116)
		java.lang.Thread.run(Thread.java:744)
	Thread 'com.microsoft.wake.remote.transport.netty.NettyMessagingTransportClientWorker-pool-5-thread-9':
		java.lang.Thread.sleep(Native Method)
		io.netty.util.concurrent.SingleThreadEventExecutor.confirmShutdown(SingleThreadEventExecutor.java:662)
		io.netty.channel.nio.NioEventLoop.run(NioEventLoop.java:362)
		io.netty.util.concurrent.SingleThreadEventExecutor$2.run(SingleThreadEventExecutor.java:116)
		java.lang.Thread.run(Thread.java:744)
	Thread 'com.microsoft.wake.remote.transport.netty.NettyMessagingTransportServerWorker-pool-4-thread-1':
		java.lang.Thread.sleep(Native Method)
		io.netty.util.concurrent.SingleThreadEventExecutor.confirmShutdown(SingleThreadEventExecutor.java:662)
		io.netty.channel.nio.NioEventLoop.run(NioEventLoop.java:362)
		io.netty.util.concurrent.SingleThreadEventExecutor$2.run(SingleThreadEventExecutor.java:116)
		java.lang.Thread.run(Thread.java:744)
	Thread 'process reaper':
		sun.misc.Unsafe.park(Native Method)
		java.util.concurrent.locks.LockSupport.parkNanos(LockSupport.java:226)
		java.util.concurrent.SynchronousQueue$TransferStack.awaitFulfill(SynchronousQueue.java:460)
		java.util.concurrent.SynchronousQueue$TransferStack.transfer(SynchronousQueue.java:359)
		java.util.concurrent.SynchronousQueue.poll(SynchronousQueue.java:942)
		java.util.concurrent.ThreadPoolExecutor.getTask(ThreadPoolExecutor.java:1068)
		java.util.concurrent.ThreadPoolExecutor.runWorker(ThreadPoolExecutor.java:1130)
		java.util.concurrent.ThreadPoolExecutor$Worker.run(ThreadPoolExecutor.java:615)
		java.lang.Thread.run(Thread.java:744)
	Thread 'com.microsoft.wake.remote.transport.netty.NettyMessagingTransportServerWorker-pool-4-thread-18':
		java.lang.Thread.sleep(Native Method)
		io.netty.util.concurrent.SingleThreadEventExecutor.confirmShutdown(SingleThreadEventExecutor.java:662)
		io.netty.channel.nio.NioEventLoop.run(NioEventLoop.java:362)
		io.netty.util.concurrent.SingleThreadEventExecutor$2.run(SingleThreadEventExecutor.java:116)
		java.lang.Thread.run(Thread.java:744)
	Thread 'com.microsoft.wake.remote.transport.netty.NettyMessagingTransportServerWorker-pool-4-thread-10':
		java.lang.Thread.sleep(Native Method)
		io.netty.util.concurrent.SingleThreadEventExecutor.confirmShutdown(SingleThreadEventExecutor.java:662)
		io.netty.channel.nio.NioEventLoop.run(NioEventLoop.java:362)
		io.netty.util.concurrent.SingleThreadEventExecutor$2.run(SingleThreadEventExecutor.java:116)
		java.lang.Thread.run(Thread.java:744)
	Thread '180470125@qtp-1817824290-0':
		java.lang.Object.wait(Native Method)
		org.mortbay.thread.QueuedThreadPool$PoolThread.run(QueuedThreadPool.java:626)
	Thread 'com.microsoft.wake.remote.transport.netty.NettyMessagingTransportServerBoss-pool-3-thread-3':
		java.lang.Thread.sleep(Native Method)
		io.netty.util.concurrent.SingleThreadEventExecutor.confirmShutdown(SingleThreadEventExecutor.java:662)
		io.netty.channel.nio.NioEventLoop.run(NioEventLoop.java:362)
		io.netty.util.concurrent.SingleThreadEventExecutor$2.run(SingleThreadEventExecutor.java:116)
		java.lang.Thread.run(Thread.java:744)
	Thread 'com.microsoft.wake.remote.transport.netty.NettyMessagingTransportServerWorker-pool-4-thread-8':
		java.lang.Thread.sleep(Native Method)
		io.netty.util.concurrent.SingleThreadEventExecutor.confirmShutdown(SingleThreadEventExecutor.java:662)
		io.netty.channel.nio.NioEventLoop.run(NioEventLoop.java:362)
		io.netty.util.concurrent.SingleThreadEventExecutor$2.run(SingleThreadEventExecutor.java:116)
		java.lang.Thread.run(Thread.java:744)
	Thread 'com.microsoft.wake.remote.transport.netty.NettyMessagingTransportClientWorker-pool-5-thread-2':
		java.lang.Thread.sleep(Native Method)
		io.netty.util.concurrent.SingleThreadEventExecutor.confirmShutdown(SingleThreadEventExecutor.java:662)
		io.netty.channel.nio.NioEventLoop.run(NioEventLoop.java:362)
		io.netty.util.concurrent.SingleThreadEventExecutor$2.run(SingleThreadEventExecutor.java:116)
		java.lang.Thread.run(Thread.java:744)
	Thread 'main':
		java.lang.Thread.dumpThreads(Native Method)
		java.lang.Thread.getAllStackTraces(Thread.java:1639)
		org.apache.reef.util.ThreadLogger.getFormattedThreadList(ThreadLogger.java:67)
		org.apache.reef.util.ThreadLogger.getFormattedThreadList(ThreadLogger.java:80)
		com.microsoft.reef.runtime.common.Launcher.main(Launcher.java:116)
	Thread 'com.microsoft.wake.remote.transport.netty.NettyMessagingTransportServerWorker-pool-4-thread-19':
		java.lang.Thread.sleep(Native Method)
		io.netty.util.concurrent.SingleThreadEventExecutor.confirmShutdown(SingleThreadEventExecutor.java:662)
		io.netty.channel.nio.NioEventLoop.run(NioEventLoop.java:362)
		io.netty.util.concurrent.SingleThreadEventExecutor$2.run(SingleThreadEventExecutor.java:116)
		java.lang.Thread.run(Thread.java:744)
	Thread 'com.microsoft.wake.remote.transport.netty.NettyMessagingTransportClientWorker-pool-5-thread-10':
		java.lang.Thread.sleep(Native Method)
		io.netty.util.concurrent.SingleThreadEventExecutor.confirmShutdown(SingleThreadEventExecutor.java:662)
		io.netty.channel.nio.NioEventLoop.run(NioEventLoop.java:362)
		io.netty.util.concurrent.SingleThreadEventExecutor$2.run(SingleThreadEventExecutor.java:116)
		java.lang.Thread.run(Thread.java:744)
	Thread 'com.microsoft.wake.remote.transport.netty.NettyMessagingTransportServerWorker-pool-4-thread-4':
		java.lang.Thread.sleep(Native Method)
		io.netty.util.concurrent.SingleThreadEventExecutor.confirmShutdown(SingleThreadEventExecutor.java:662)
		io.netty.channel.nio.NioEventLoop.run(NioEventLoop.java:362)
		io.netty.util.concurrent.SingleThreadEventExecutor$2.run(SingleThreadEventExecutor.java:116)
		java.lang.Thread.run(Thread.java:744)
	Thread 'com.microsoft.wake.remote.transport.netty.NettyMessagingTransportServerWorker-pool-4-thread-11':
		java.lang.Thread.sleep(Native Method)
		io.netty.util.concurrent.SingleThreadEventExecutor.confirmShutdown(SingleThreadEventExecutor.java:662)
		io.netty.channel.nio.NioEventLoop.run(NioEventLoop.java:362)
		io.netty.util.concurrent.SingleThreadEventExecutor$2.run(SingleThreadEventExecutor.java:116)
		java.lang.Thread.run(Thread.java:744)
	Thread 'com.microsoft.wake.remote.transport.netty.NettyMessagingTransportServerWorker-pool-4-thread-13':
		java.lang.Thread.sleep(Native Method)
		io.netty.util.concurrent.SingleThreadEventExecutor.confirmShutdown(SingleThreadEventExecutor.java:662)
		io.netty.channel.nio.NioEventLoop.run(NioEventLoop.java:362)
		io.netty.util.concurrent.SingleThreadEventExecutor$2.run(SingleThreadEventExecutor.java:116)
		java.lang.Thread.run(Thread.java:744)
	Thread 'com.microsoft.wake.remote.transport.netty.NettyMessagingTransportServerWorker-pool-4-thread-6':
		java.lang.Thread.sleep(Native Method)
		io.netty.util.concurrent.SingleThreadEventExecutor.confirmShutdown(SingleThreadEventExecutor.java:662)
		io.netty.channel.nio.NioEventLoop.run(NioEventLoop.java:362)
		io.netty.util.concurrent.SingleThreadEventExecutor$2.run(SingleThreadEventExecutor.java:116)
		java.lang.Thread.run(Thread.java:744)
	Thread 'com.microsoft.wake.remote.transport.netty.NettyMessagingTransportClientWorker-pool-5-thread-5':
		java.lang.Thread.sleep(Native Method)
		io.netty.util.concurrent.SingleThreadEventExecutor.confirmShutdown(SingleThreadEventExecutor.java:662)
		io.netty.channel.nio.NioEventLoop.run(NioEventLoop.java:362)
		io.netty.util.concurrent.SingleThreadEventExecutor$2.run(SingleThreadEventExecutor.java:116)
		java.lang.Thread.run(Thread.java:744)
	Thread 'com.microsoft.wake.remote.transport.netty.NettyMessagingTransportClientWorker-pool-5-thread-1':
		java.lang.Thread.sleep(Native Method)
		io.netty.util.concurrent.SingleThreadEventExecutor.confirmShutdown(SingleThreadEventExecutor.java:662)
		io.netty.channel.nio.NioEventLoop.run(NioEventLoop.java:362)
		io.netty.util.concurrent.SingleThreadEventExecutor$2.run(SingleThreadEventExecutor.java:116)
		java.lang.Thread.run(Thread.java:744)
	Thread 'com.microsoft.wake.remote.transport.netty.NettyMessagingTransportServerWorker-pool-4-thread-9':
		java.lang.Thread.sleep(Native Method)
		io.netty.util.concurrent.SingleThreadEventExecutor.confirmShutdown(SingleThreadEventExecutor.java:662)
		io.netty.channel.nio.NioEventLoop.run(NioEventLoop.java:362)
		io.netty.util.concurrent.SingleThreadEventExecutor$2.run(SingleThreadEventExecutor.java:116)
		java.lang.Thread.run(Thread.java:744)
	Thread 'com.microsoft.wake.remote.transport.netty.NettyMessagingTransportServerBoss-pool-3-thread-1':
		java.lang.Thread.sleep(Native Method)
		io.netty.util.concurrent.SingleThreadEventExecutor.confirmShutdown(SingleThreadEventExecutor.java:662)
		io.netty.channel.nio.NioEventLoop.run(NioEventLoop.java:362)
		io.netty.util.concurrent.SingleThreadEventExecutor$2.run(SingleThreadEventExecutor.java:116)
		java.lang.Thread.run(Thread.java:744)
	Thread 'com.microsoft.wake.remote.transport.netty.NettyMessagingTransportClientWorker-pool-5-thread-6':
		java.lang.Thread.sleep(Native Method)
		io.netty.util.concurrent.SingleThreadEventExecutor.confirmShutdown(SingleThreadEventExecutor.java:662)
		io.netty.channel.nio.NioEventLoop.run(NioEventLoop.java:362)
		io.netty.util.concurrent.SingleThreadEventExecutor$2.run(SingleThreadEventExecutor.java:116)
		java.lang.Thread.run(Thread.java:744)
	Thread 'com.microsoft.wake.remote.transport.netty.NettyMessagingTransportServerBoss-pool-3-thread-2':
		java.lang.Thread.sleep(Native Method)
		io.netty.util.concurrent.SingleThreadEventExecutor.confirmShutdown(SingleThreadEventExecutor.java:662)
		io.netty.channel.nio.NioEventLoop.run(NioEventLoop.java:362)
		io.netty.util.concurrent.SingleThreadEventExecutor$2.run(SingleThreadEventExecutor.java:116)
		java.lang.Thread.run(Thread.java:744)
	Thread 'com.microsoft.wake.remote.transport.netty.NettyMessagingTransportServerWorker-pool-4-thread-12':
		java.lang.Thread.sleep(Native Method)
		io.netty.util.concurrent.SingleThreadEventExecutor.confirmShutdown(SingleThreadEventExecutor.java:662)
		io.netty.channel.nio.NioEventLoop.run(NioEventLoop.java:362)
		io.netty.util.concurrent.SingleThreadEventExecutor$2.run(SingleThreadEventExecutor.java:116)
		java.lang.Thread.run(Thread.java:744)
	Thread 'com.microsoft.wake.remote.transport.netty.NettyMessagingTransportClientWorker-pool-5-thread-7':
		java.lang.Thread.sleep(Native Method)
		io.netty.util.concurrent.SingleThreadEventExecutor.confirmShutdown(SingleThreadEventExecutor.java:662)
		io.netty.channel.nio.NioEventLoop.run(NioEventLoop.java:362)
		io.netty.util.concurrent.SingleThreadEventExecutor$2.run(SingleThreadEventExecutor.java:116)
		java.lang.Thread.run(Thread.java:744)
	Thread 'com.microsoft.wake.remote.transport.netty.NettyMessagingTransportServerWorker-pool-4-thread-15':
		java.lang.Thread.sleep(Native Method)
		io.netty.util.concurrent.SingleThreadEventExecutor.confirmShutdown(SingleThreadEventExecutor.java:662)
		io.netty.channel.nio.NioEventLoop.run(NioEventLoop.java:362)
		io.netty.util.concurrent.SingleThreadEventExecutor$2.run(SingleThreadEventExecutor.java:116)
		java.lang.Thread.run(Thread.java:744)
	Thread 'com.microsoft.wake.remote.transport.netty.NettyMessagingTransportServerWorker-pool-4-thread-17':
		java.lang.Thread.sleep(Native Method)
		io.netty.util.concurrent.SingleThreadEventExecutor.confirmShutdown(SingleThreadEventExecutor.java:662)
		io.netty.channel.nio.NioEventLoop.run(NioEventLoop.java:362)
		io.netty.util.concurrent.SingleThreadEventExecutor$2.run(SingleThreadEventExecutor.java:116)
		java.lang.Thread.run(Thread.java:744)
	Thread 'Signal Dispatcher':
	Thread '146932398@qtp-1817824290-1 - Acceptor0 SocketConnector@0.0.0.0:8080':
		java.net.PlainSocketImpl.socketAccept(Native Method)
		java.net.AbstractPlainSocketImpl.accept(AbstractPlainSocketImpl.java:398)
		java.net.ServerSocket.implAccept(ServerSocket.java:530)
		java.net.ServerSocket.accept(ServerSocket.java:498)
		org.mortbay.jetty.bio.SocketConnector.accept(SocketConnector.java:99)
		org.mortbay.jetty.AbstractConnector$Acceptor.run(AbstractConnector.java:708)
		org.mortbay.thread.QueuedThreadPool$PoolThread.run(QueuedThreadPool.java:582)
2014-08-30 15:40:41,118 FINEST wake.impl.StageManager$1.run Thread-1 | Shutdown hook : closing stages

LogType: driver.stdout
LogLength: 679
Log Contents:
2014-08-30 15:40:39,106 INFO  [main] mortbay.log (Slf4jLog.java:info(67)) - Logging to org.slf4j.impl.Log4jLoggerAdapter(org.mortbay.log) via org.mortbay.log.Slf4jLog
2014-08-30 15:40:39,107 INFO  [main] mortbay.log (Slf4jLog.java:info(67)) - jetty-6.1.x
2014-08-30 15:40:39,116 INFO  [main] mortbay.log (Slf4jLog.java:info(67)) - Started SocketConnector@0.0.0.0:8080
OpenJDK 64-Bit Server VM warning: You have loaded library /home/hadoop/hadoop-2.4.0/lib/native/libhadoop.so.1.0.0 which might have disabled stack guard. The VM will try to fix the stack guard now.
It's highly recommended that you fix the library with 'execstack -c <libfile>', or link it with '-z noexecstack'.

